{
  "uid": "917411b0e48498a9",
  "name": "test_listaddcontact",
  "fullName": "test_contact.TestContact#test_listaddcontact",
  "historyId": "900e515a9ba68e243a572b819a1f6be0",
  "time": {
    "start": 1596027007074,
    "stop": 1596027007074,
    "duration": 0
  },
  "status": "broken",
  "statusMessage": "selenium.common.exceptions.WebDriverException: Message: An unknown server-side error occurred while processing the command. Original error: Cannot start the 'com.tencent.wework' application. Visit https://github.com/appium/appium/blob/master/docs/en/writing-running-appium/android/activity-startup.md for troubleshooting. Original error: Error executing adbExec. Original error: 'Command 'D:\\\\android-sdk-windows\\\\platform-tools\\\\adb.exe -P 5037 -s 127.0.0.1\\:7555 shell am start -W -n com.tencent.wework/.launch.LaunchSplashActivity' timed out after 20000ms'. Try to increase the 20000ms adb execution timeout represented by 'adbExecTimeout' capability",
  "statusTrace": "self = <test_contact.TestContact object at 0x00000297CB00CB00>\n\n    def setup(self):\n>       self.main = self.app.start().goto_main()\n\ntest_contact.py:33: \n_ _ _ _ _ _ _ _ _ _ _ _ _ _ _ _ _ _ _ _ _ _ _ _ _ _ _ _ _ _ _ _ _ _ _ _ _ _ _ _\n..\\page\\app.py:31: in start\n    self.driver = webdriver.Remote(\"http://127.0.0.1:4723/wd/hub\", caps)\nC:\\Python37\\lib\\site-packages\\appium\\webdriver\\webdriver.py:155: in __init__\n    proxy\nC:\\Python37\\lib\\site-packages\\selenium\\webdriver\\remote\\webdriver.py:157: in __init__\n    self.start_session(capabilities, browser_profile)\nC:\\Python37\\lib\\site-packages\\appium\\webdriver\\webdriver.py:225: in start_session\n    response = self.execute(RemoteCommand.NEW_SESSION, parameters)\nC:\\Python37\\lib\\site-packages\\selenium\\webdriver\\remote\\webdriver.py:321: in execute\n    self.error_handler.check_response(response)\n_ _ _ _ _ _ _ _ _ _ _ _ _ _ _ _ _ _ _ _ _ _ _ _ _ _ _ _ _ _ _ _ _ _ _ _ _ _ _ _\n\nself = <selenium.webdriver.remote.errorhandler.ErrorHandler object at 0x00000297CB2CD6A0>\nresponse = {'status': 500, 'value': '{\"value\":{\"error\":\"unknown error\",\"message\":\"An unknown server-side error occurred while pro...s\\\\\\\\app\\\\\\\\node_modules\\\\\\\\appium\\\\\\\\node_modules\\\\\\\\appium-base-driver\\\\\\\\lib\\\\\\\\protocol\\\\\\\\protocol.js:392:37)\"}}'}\n\n    def check_response(self, response):\n        \"\"\"\n        Checks that a JSON response from the WebDriver does not have an error.\n    \n        :Args:\n         - response - The JSON response from the WebDriver server as a dictionary\n           object.\n    \n        :Raises: If the response contains an error message.\n        \"\"\"\n        status = response.get('status', None)\n        if status is None or status == ErrorCode.SUCCESS:\n            return\n        value = None\n        message = response.get(\"message\", \"\")\n        screen = response.get(\"screen\", \"\")\n        stacktrace = None\n        if isinstance(status, int):\n            value_json = response.get('value', None)\n            if value_json and isinstance(value_json, basestring):\n                import json\n                try:\n                    value = json.loads(value_json)\n                    if len(value.keys()) == 1:\n                        value = value['value']\n                    status = value.get('error', None)\n                    if status is None:\n                        status = value[\"status\"]\n                        message = value[\"value\"]\n                        if not isinstance(message, basestring):\n                            value = message\n                            message = message.get('message')\n                    else:\n                        message = value.get('message', None)\n                except ValueError:\n                    pass\n    \n        exception_class = ErrorInResponseException\n        if status in ErrorCode.NO_SUCH_ELEMENT:\n            exception_class = NoSuchElementException\n        elif status in ErrorCode.NO_SUCH_FRAME:\n            exception_class = NoSuchFrameException\n        elif status in ErrorCode.NO_SUCH_WINDOW:\n            exception_class = NoSuchWindowException\n        elif status in ErrorCode.STALE_ELEMENT_REFERENCE:\n            exception_class = StaleElementReferenceException\n        elif status in ErrorCode.ELEMENT_NOT_VISIBLE:\n            exception_class = ElementNotVisibleException\n        elif status in ErrorCode.INVALID_ELEMENT_STATE:\n            exception_class = InvalidElementStateException\n        elif status in ErrorCode.INVALID_SELECTOR \\\n                or status in ErrorCode.INVALID_XPATH_SELECTOR \\\n                or status in ErrorCode.INVALID_XPATH_SELECTOR_RETURN_TYPER:\n            exception_class = InvalidSelectorException\n        elif status in ErrorCode.ELEMENT_IS_NOT_SELECTABLE:\n            exception_class = ElementNotSelectableException\n        elif status in ErrorCode.ELEMENT_NOT_INTERACTABLE:\n            exception_class = ElementNotInteractableException\n        elif status in ErrorCode.INVALID_COOKIE_DOMAIN:\n            exception_class = InvalidCookieDomainException\n        elif status in ErrorCode.UNABLE_TO_SET_COOKIE:\n            exception_class = UnableToSetCookieException\n        elif status in ErrorCode.TIMEOUT:\n            exception_class = TimeoutException\n        elif status in ErrorCode.SCRIPT_TIMEOUT:\n            exception_class = TimeoutException\n        elif status in ErrorCode.UNKNOWN_ERROR:\n            exception_class = WebDriverException\n        elif status in ErrorCode.UNEXPECTED_ALERT_OPEN:\n            exception_class = UnexpectedAlertPresentException\n        elif status in ErrorCode.NO_ALERT_OPEN:\n            exception_class = NoAlertPresentException\n        elif status in ErrorCode.IME_NOT_AVAILABLE:\n            exception_class = ImeNotAvailableException\n        elif status in ErrorCode.IME_ENGINE_ACTIVATION_FAILED:\n            exception_class = ImeActivationFailedException\n        elif status in ErrorCode.MOVE_TARGET_OUT_OF_BOUNDS:\n            exception_class = MoveTargetOutOfBoundsException\n        elif status in ErrorCode.JAVASCRIPT_ERROR:\n            exception_class = JavascriptException\n        elif status in ErrorCode.SESSION_NOT_CREATED:\n            exception_class = SessionNotCreatedException\n        elif status in ErrorCode.INVALID_ARGUMENT:\n            exception_class = InvalidArgumentException\n        elif status in ErrorCode.NO_SUCH_COOKIE:\n            exception_class = NoSuchCookieException\n        elif status in ErrorCode.UNABLE_TO_CAPTURE_SCREEN:\n            exception_class = ScreenshotException\n        elif status in ErrorCode.ELEMENT_CLICK_INTERCEPTED:\n            exception_class = ElementClickInterceptedException\n        elif status in ErrorCode.INSECURE_CERTIFICATE:\n            exception_class = InsecureCertificateException\n        elif status in ErrorCode.INVALID_COORDINATES:\n            exception_class = InvalidCoordinatesException\n        elif status in ErrorCode.INVALID_SESSION_ID:\n            exception_class = InvalidSessionIdException\n        elif status in ErrorCode.UNKNOWN_METHOD:\n            exception_class = UnknownMethodException\n        else:\n            exception_class = WebDriverException\n        if value == '' or value is None:\n            value = response['value']\n        if isinstance(value, basestring):\n            if exception_class == ErrorInResponseException:\n                raise exception_class(response, value)\n            raise exception_class(value)\n        if message == \"\" and 'message' in value:\n            message = value['message']\n    \n        screen = None\n        if 'screen' in value:\n            screen = value['screen']\n    \n        stacktrace = None\n        if 'stackTrace' in value and value['stackTrace']:\n            stacktrace = []\n            try:\n                for frame in value['stackTrace']:\n                    line = self._value_or_default(frame, 'lineNumber', '')\n                    file = self._value_or_default(frame, 'fileName', '<anonymous>')\n                    if line:\n                        file = \"%s:%s\" % (file, line)\n                    meth = self._value_or_default(frame, 'methodName', '<anonymous>')\n                    if 'className' in frame:\n                        meth = \"%s.%s\" % (frame['className'], meth)\n                    msg = \"    at %s (%s)\"\n                    msg = msg % (meth, file)\n                    stacktrace.append(msg)\n            except TypeError:\n                pass\n        if exception_class == ErrorInResponseException:\n            raise exception_class(response, message)\n        elif exception_class == UnexpectedAlertPresentException:\n            alert_text = None\n            if 'data' in value:\n                alert_text = value['data'].get('text')\n            elif 'alert' in value:\n                alert_text = value['alert'].get('text')\n            raise exception_class(message, screen, stacktrace, alert_text)\n>       raise exception_class(message, screen, stacktrace)\nE       selenium.common.exceptions.WebDriverException: Message: An unknown server-side error occurred while processing the command. Original error: Cannot start the 'com.tencent.wework' application. Visit https://github.com/appium/appium/blob/master/docs/en/writing-running-appium/android/activity-startup.md for troubleshooting. Original error: Error executing adbExec. Original error: 'Command 'D:\\\\android-sdk-windows\\\\platform-tools\\\\adb.exe -P 5037 -s 127.0.0.1\\:7555 shell am start -W -n com.tencent.wework/.launch.LaunchSplashActivity' timed out after 20000ms'. Try to increase the 20000ms adb execution timeout represented by 'adbExecTimeout' capability\n\nC:\\Python37\\lib\\site-packages\\selenium\\webdriver\\remote\\errorhandler.py:242: WebDriverException",
  "flaky": false,
  "newFailed": false,
  "beforeStages": [
    {
      "name": "_Class__pytest_setup_class",
      "time": {
        "start": 1596027007079,
        "stop": 1596027007079,
        "duration": 0
      },
      "status": "passed",
      "steps": [],
      "attachments": [],
      "parameters": [],
      "attachmentsCount": 0,
      "shouldDisplayMessage": false,
      "stepsCount": 0,
      "hasContent": false
    }
  ],
  "afterStages": [
    {
      "name": "_Class__pytest_setup_class::0",
      "time": {
        "start": 1596027037964,
        "stop": 1596027038059,
        "duration": 95
      },
      "status": "broken",
      "statusMessage": "AttributeError: 'NoneType' object has no attribute 'quit'\n",
      "statusTrace": "  File \"C:\\Python37\\lib\\site-packages\\allure_commons\\_allure.py\", line 185, in __call__\n    return self._fixture_function(*args, **kwargs)\n  File \"C:\\Python37\\lib\\site-packages\\_pytest\\fixtures.py\", line 800, in _teardown_yield_fixture\n    next(it)\n  File \"C:\\Python37\\lib\\site-packages\\_pytest\\python.py\", line 705, in xunit_setup_class_fixture\n    _call_with_optional_argument(func, self.obj)\n  File \"C:\\Python37\\lib\\site-packages\\_pytest\\python.py\", line 632, in _call_with_optional_argument\n    func(arg)\n  File \"D:\\PycharmProjects\\hogwarts_venv\\test_wework_edit1\\testcases\\test_contact.py\", line 29, in teardown_class\n    self.app.stop()\n  File \"D:\\PycharmProjects\\hogwarts_venv\\test_wework_edit1\\page\\app.py\", line 42, in stop\n    self.driver.quit()\n",
      "steps": [],
      "attachments": [],
      "parameters": [],
      "attachmentsCount": 0,
      "shouldDisplayMessage": true,
      "stepsCount": 0,
      "hasContent": true
    }
  ],
  "labels": [
    {
      "name": "suite",
      "value": "test_contact"
    },
    {
      "name": "subSuite",
      "value": "TestContact"
    },
    {
      "name": "host",
      "value": "X8O0ILYDG7L3A0P"
    },
    {
      "name": "thread",
      "value": "59068-MainThread"
    },
    {
      "name": "framework",
      "value": "pytest"
    },
    {
      "name": "language",
      "value": "cpython3"
    },
    {
      "name": "package",
      "value": "test_contact"
    },
    {
      "name": "resultFormat",
      "value": "allure2"
    }
  ],
  "parameters": [],
  "links": [],
  "hidden": false,
  "retry": false,
  "extra": {
    "severity": "normal",
    "retries": [
      {
        "uid": "4d4f92feb4b0a189",
        "status": "passed",
        "time": {
          "start": 1596026871601,
          "stop": 1596026909874,
          "duration": 38273
        }
      },
      {
        "uid": "6c6d254147c15cb9",
        "status": "broken",
        "statusDetails": "selenium.common.exceptions.NoSuchElementException: Message: An element could not be located on the page using the given search parameters.",
        "time": {
          "start": 1596026694658,
          "stop": 1596026823440,
          "duration": 128782
        }
      },
      {
        "uid": "a444457e2812a6df",
        "status": "passed",
        "time": {
          "start": 1596026497609,
          "stop": 1596026542431,
          "duration": 44822
        }
      },
      {
        "uid": "cf58c0384aca3e44",
        "status": "broken",
        "statusDetails": "selenium.common.exceptions.TimeoutException: Message:",
        "time": {
          "start": 1596026390798,
          "stop": 1596026427689,
          "duration": 36891
        }
      },
      {
        "uid": "dbc9c845d4ef58a3",
        "status": "passed",
        "time": {
          "start": 1596025958601,
          "stop": 1596026010826,
          "duration": 52225
        }
      },
      {
        "uid": "995038ea2c4fe2e3",
        "status": "broken",
        "statusDetails": "selenium.common.exceptions.WebDriverException: Message: An unknown server-side error occurred while processing the command. Original error: Cannot start the 'com.tencent.wework' application. Visit https://github.com/appium/appium/blob/master/docs/en/writing-running-appium/android/activity-startup.md for troubleshooting. Original error: Error executing adbExec. Original error: 'Command 'D:\\\\android-sdk-windows\\\\platform-tools\\\\adb.exe -P 5037 -s 127.0.0.1\\:7555 shell am start -W -n com.tencent.wework/.launch.WwMainActivity' timed out after 20000ms'. Try to increase the 20000ms adb execution timeout represented by 'adbExecTimeout' capability",
        "time": {
          "start": 1596025691224,
          "stop": 1596025691224,
          "duration": 0
        }
      },
      {
        "uid": "206596ea28bf46e3",
        "status": "broken",
        "statusDetails": "AttributeError: 'App' object has no attribute 'goto_contactlist'",
        "time": {
          "start": 1596025677508,
          "stop": 1596025677508,
          "duration": 0
        }
      },
      {
        "uid": "975617b267e2b9ed",
        "status": "broken",
        "statusDetails": "AttributeError: 'App' object has no attribute 'goto_contactlist'",
        "time": {
          "start": 1596025624758,
          "stop": 1596025624758,
          "duration": 0
        }
      },
      {
        "uid": "79bec5bfcff444da",
        "status": "broken",
        "statusDetails": "AttributeError: 'App' object has no attribute 'goto_contactlist'",
        "time": {
          "start": 1596025562370,
          "stop": 1596025562370,
          "duration": 0
        }
      },
      {
        "uid": "197d5c7acd786cf",
        "status": "passed",
        "time": {
          "start": 1596024295738,
          "stop": 1596024359814,
          "duration": 64076
        }
      },
      {
        "uid": "b2c35ff642c05cc8",
        "status": "broken",
        "statusDetails": "selenium.common.exceptions.WebDriverException: Message: An unknown server-side error occurred while processing the command. Original error: Cannot start the 'com.tencent.wework' application. Visit https://github.com/appium/appium/blob/master/docs/en/writing-running-appium/android/activity-startup.md for troubleshooting. Original error: Error executing adbExec. Original error: 'Command 'D:\\\\android-sdk-windows\\\\platform-tools\\\\adb.exe -P 5037 -s 127.0.0.1\\:7555 shell am start -W -n com.tencent.wework/.launch.LaunchSplashActivity' timed out after 20000ms'. Try to increase the 20000ms adb execution timeout represented by 'adbExecTimeout' capability",
        "time": {
          "start": 1596024151829,
          "stop": 1596024151829,
          "duration": 0
        }
      },
      {
        "uid": "2b7886df41a0fd1d",
        "status": "passed",
        "time": {
          "start": 1596023273060,
          "stop": 1596023314293,
          "duration": 41233
        }
      },
      {
        "uid": "f4b3c3bc6266535",
        "status": "broken",
        "statusDetails": "selenium.common.exceptions.TimeoutException: Message:",
        "time": {
          "start": 1596022932594,
          "stop": 1596022954097,
          "duration": 21503
        }
      },
      {
        "uid": "11dbac59df1cc838",
        "status": "passed",
        "time": {
          "start": 1596022232285,
          "stop": 1596022278126,
          "duration": 45841
        }
      },
      {
        "uid": "48606d97dc1133c0",
        "status": "broken",
        "statusDetails": "AttributeError: 'App' object has no attribute 'goto_contactlist'",
        "time": {
          "start": 1596021132725,
          "stop": 1596021132725,
          "duration": 0
        }
      },
      {
        "uid": "1b6290e2d8acf83b",
        "status": "broken",
        "statusDetails": "selenium.common.exceptions.WebDriverException: Message: An unknown server-side error occurred while processing the command. Original error: Cannot start the 'com.tencent.wework' application. Visit https://github.com/appium/appium/blob/master/docs/en/writing-running-appium/android/activity-startup.md for troubleshooting. Original error: Error executing adbExec. Original error: 'Command 'D:\\\\android-sdk-windows\\\\platform-tools\\\\adb.exe -P 5037 -s 127.0.0.1\\:7555 shell am start -W -n com.tencent.wework/.launch.WwMainActivity' timed out after 20000ms'. Try to increase the 20000ms adb execution timeout represented by 'adbExecTimeout' capability",
        "time": {
          "start": 1596021055603,
          "stop": 1596021055603,
          "duration": 0
        }
      },
      {
        "uid": "88b1ba25c75579db",
        "status": "broken",
        "statusDetails": "selenium.common.exceptions.TimeoutException: Message:",
        "time": {
          "start": 1596020468219,
          "stop": 1596020524745,
          "duration": 56526
        }
      },
      {
        "uid": "1d49f51bb42da776",
        "status": "broken",
        "statusDetails": "selenium.common.exceptions.NoSuchElementException: Message: An element could not be located on the page using the given search parameters.",
        "time": {
          "start": 1596016963871,
          "stop": 1596017016540,
          "duration": 52669
        }
      },
      {
        "uid": "bc920df875be9aff",
        "status": "broken",
        "statusDetails": "selenium.common.exceptions.WebDriverException: Message: An unknown server-side error occurred while processing the command. Original error: Cannot start the 'com.tencent.wework' application. Visit https://github.com/appium/appium/blob/master/docs/en/writing-running-appium/android/activity-startup.md for troubleshooting. Original error: Error executing adbExec. Original error: 'Command 'D:\\\\android-sdk-windows\\\\platform-tools\\\\adb.exe -P 5037 -s 127.0.0.1\\:7555 shell am start -W -n com.tencent.wework/.launch.WwMainActivity' timed out after 20000ms'. Try to increase the 20000ms adb execution timeout represented by 'adbExecTimeout' capability",
        "time": {
          "start": 1596016910511,
          "stop": 1596016910511,
          "duration": 0
        }
      }
    ],
    "categories": [
      {
        "name": "Test defects",
        "matchedStatuses": [],
        "flaky": false
      }
    ],
    "tags": []
  },
  "source": "917411b0e48498a9.json",
  "parameterValues": []
}