{
  "uid": "cf58c0384aca3e44",
  "name": "test_listaddcontact",
  "fullName": "test_contact.TestContact#test_listaddcontact",
  "historyId": "900e515a9ba68e243a572b819a1f6be0",
  "time": {
    "start": 1596026390798,
    "stop": 1596026427689,
    "duration": 36891
  },
  "status": "broken",
  "statusMessage": "selenium.common.exceptions.TimeoutException: Message:",
  "statusTrace": "self = <test_contact.TestContact object at 0x000001C3AD571160>\n\n>   ???\n\ntest_contact.py:74: \n_ _ _ _ _ _ _ _ _ _ _ _ _ _ _ _ _ _ _ _ _ _ _ _ _ _ _ _ _ _ _ _ _ _ _ _ _ _ _ _\n..\\page\\mainpage.py:15: in goto_contactlist\n    self.webdriver_wait(self.index_ele)\n..\\page\\basepage.py:42: in webdriver_wait\n    WebDriverWait(self.driver, timeout).until(lambda x:x.find_element(*locator))\n_ _ _ _ _ _ _ _ _ _ _ _ _ _ _ _ _ _ _ _ _ _ _ _ _ _ _ _ _ _ _ _ _ _ _ _ _ _ _ _\n\nself = <selenium.webdriver.support.wait.WebDriverWait (session=\"09fcf74b-580c-4887-b463-620731a580bb\")>\nmethod = <function BasePage.webdriver_wait.<locals>.<lambda> at 0x000001C3AE5B0048>\nmessage = ''\n\n    def until(self, method, message=''):\n        \"\"\"Calls the method provided with the driver as an argument until the \\\n        return value is not False.\"\"\"\n        screen = None\n        stacktrace = None\n    \n        end_time = time.time() + self._timeout\n        while True:\n            try:\n                value = method(self._driver)\n                if value:\n                    return value\n            except self._ignored_exceptions as exc:\n                screen = getattr(exc, 'screen', None)\n                stacktrace = getattr(exc, 'stacktrace', None)\n            time.sleep(self._poll)\n            if time.time() > end_time:\n                break\n>       raise TimeoutException(message, screen, stacktrace)\nE       selenium.common.exceptions.TimeoutException: Message:\n\nC:\\Python37\\lib\\site-packages\\selenium\\webdriver\\support\\wait.py:80: TimeoutException",
  "flaky": false,
  "newFailed": false,
  "beforeStages": [
    {
      "name": "_Class__pytest_setup_class",
      "time": {
        "start": 1596026363976,
        "stop": 1596026363976,
        "duration": 0
      },
      "status": "passed",
      "steps": [],
      "attachments": [],
      "parameters": [],
      "attachmentsCount": 0,
      "shouldDisplayMessage": false,
      "stepsCount": 0,
      "hasContent": false
    }
  ],
  "testStage": {
    "status": "broken",
    "statusMessage": "selenium.common.exceptions.TimeoutException: Message:",
    "statusTrace": "self = <test_contact.TestContact object at 0x000001C3AD571160>\n\n>   ???\n\ntest_contact.py:74: \n_ _ _ _ _ _ _ _ _ _ _ _ _ _ _ _ _ _ _ _ _ _ _ _ _ _ _ _ _ _ _ _ _ _ _ _ _ _ _ _\n..\\page\\mainpage.py:15: in goto_contactlist\n    self.webdriver_wait(self.index_ele)\n..\\page\\basepage.py:42: in webdriver_wait\n    WebDriverWait(self.driver, timeout).until(lambda x:x.find_element(*locator))\n_ _ _ _ _ _ _ _ _ _ _ _ _ _ _ _ _ _ _ _ _ _ _ _ _ _ _ _ _ _ _ _ _ _ _ _ _ _ _ _\n\nself = <selenium.webdriver.support.wait.WebDriverWait (session=\"09fcf74b-580c-4887-b463-620731a580bb\")>\nmethod = <function BasePage.webdriver_wait.<locals>.<lambda> at 0x000001C3AE5B0048>\nmessage = ''\n\n    def until(self, method, message=''):\n        \"\"\"Calls the method provided with the driver as an argument until the \\\n        return value is not False.\"\"\"\n        screen = None\n        stacktrace = None\n    \n        end_time = time.time() + self._timeout\n        while True:\n            try:\n                value = method(self._driver)\n                if value:\n                    return value\n            except self._ignored_exceptions as exc:\n                screen = getattr(exc, 'screen', None)\n                stacktrace = getattr(exc, 'stacktrace', None)\n            time.sleep(self._poll)\n            if time.time() > end_time:\n                break\n>       raise TimeoutException(message, screen, stacktrace)\nE       selenium.common.exceptions.TimeoutException: Message:\n\nC:\\Python37\\lib\\site-packages\\selenium\\webdriver\\support\\wait.py:80: TimeoutException",
    "steps": [],
    "attachments": [
      {
        "uid": "f19c5d1f493a33da",
        "name": "log",
        "source": "f19c5d1f493a33da.txt",
        "type": "text/plain",
        "size": 132
      },
      {
        "uid": "a3cefadef6614e00",
        "name": "stderr",
        "source": "a3cefadef6614e00.txt",
        "type": "text/plain",
        "size": 95
      }
    ],
    "parameters": [],
    "attachmentsCount": 2,
    "shouldDisplayMessage": true,
    "stepsCount": 0,
    "hasContent": true
  },
  "afterStages": [
    {
      "name": "_Class__pytest_setup_class::0",
      "time": {
        "start": 1596026436951,
        "stop": 1596026441200,
        "duration": 4249
      },
      "status": "passed",
      "steps": [],
      "attachments": [],
      "parameters": [],
      "attachmentsCount": 0,
      "shouldDisplayMessage": false,
      "stepsCount": 0,
      "hasContent": false
    }
  ],
  "labels": [
    {
      "name": "suite",
      "value": "test_contact"
    },
    {
      "name": "subSuite",
      "value": "TestContact"
    },
    {
      "name": "host",
      "value": "X8O0ILYDG7L3A0P"
    },
    {
      "name": "thread",
      "value": "59792-MainThread"
    },
    {
      "name": "framework",
      "value": "pytest"
    },
    {
      "name": "language",
      "value": "cpython3"
    },
    {
      "name": "package",
      "value": "test_contact"
    },
    {
      "name": "resultFormat",
      "value": "allure2"
    }
  ],
  "parameters": [],
  "links": [],
  "hidden": true,
  "retry": true,
  "extra": {
    "categories": [],
    "tags": []
  },
  "source": "cf58c0384aca3e44.json",
  "parameterValues": []
}